<?xml version="1.0" encoding="UTF-8"?>
<!-- Generated by org.testng.reporters.JUnitXMLReporter -->
<testsuite ignored="0" hostname="Vishal-ASUS" failures="0" tests="15" name="Test" time="137.35" errors="0" timestamp="2023-09-04T08:58:34 IST">
  <testcase classname="prac03092023.TestCases.LandingPageTestCase" name="Correctloginvalidation" time="5.482"/>
  <testcase classname="prac03092023.TestCases.LandingPageTestCase" name="Correctloginvalidation" time="4.471"/>
  <testcase classname="prac03092023.TestCases.LandingPageTestCase" name="inCorrectloginvalidation" time="3.502"/>
  <testcase classname="prac03092023.TestCases.LandingPageTestCase" name="inCorrectloginvalidation" time="2.676"/>
  <testcase classname="prac03092023.TestCases.OrderHistoryPageTestCases" name="OrderHistoryPriceVerificationAllproducts" time="5.388"/>
  <testcase classname="prac03092023.TestCases.OrderHistoryPageTestCases" name="OrderHistoryPriceVerificationAllproducts" time="4.163"/>
  <testcase classname="prac03092023.TestCases.OrderHistoryPageTestCases" name="OrderHistoryPriceVerificationAllproducts" time="4.085"/>
  <testcase classname="prac03092023.TestCases.ProductSelectionPageTestCases" name="buyproductusingJsonFullFlowWithExcelverification" time="22.441"/>
  <testcase classname="prac03092023.TestCases.ProductSelectionPageTestCases" name="buyproductusingJsonFullFlowWithExcelverification" time="22.325"/>
  <testcase classname="prac03092023.TestCases.ProductSelectionPageTestCases" name="buyproductusingJsonFullFlowWithExcelverification" time="22.097"/>
  <testcase classname="prac03092023.TestCases.ProductSelectionPageTestCases" name="buyproductusingdbFullFlow" time="11.578"/>
  <testcase classname="prac03092023.TestCases.ProductSelectionPageTestCases" name="buyproductusingdbFullFlow" time="11.524"/>
  <testcase classname="prac03092023.TestCases.ProductSelectionPageTestCases" name="orderHistoryTest" time="4.48"/>
  <testcase classname="prac03092023.TestCases.ProductSelectionPageTestCases" name="orderHistoryTest" time="4.565"/>
  <testcase classname="prac03092023.TestCases.ProductSelectionPageTestCases" name="orderHistoryTest" time="4.513"/>
</testsuite> <!-- Test -->
