<?xml version="1.0" encoding="UTF-8"?>
<!-- Generated by org.testng.reporters.JUnitXMLReporter -->
<testsuite ignored="3" hostname="Vishal-ASUS" failures="0" tests="9" name="Test" time="101.429" errors="0" timestamp="2023-09-04T10:52:07 IST">
  <testcase classname="prac03092023.TestCases.OrderHistoryPageTestCases" name="OrderHistoryPriceVerificationAllproducts" time="6.803"/>
  <testcase classname="prac03092023.TestCases.OrderHistoryPageTestCases" name="OrderHistoryPriceVerificationAllproducts" time="4.891"/>
  <testcase classname="prac03092023.TestCases.OrderHistoryPageTestCases" name="OrderHistoryPriceVerificationAllproducts" time="4.94"/>
  <testcase classname="prac03092023.TestCases.ProductSelectionPageTestCases" name="buyproductusingJsonFullFlowWithExcelverification" time="23.238"/>
  <testcase classname="prac03092023.TestCases.ProductSelectionPageTestCases" name="buyproductusingJsonFullFlowWithExcelverification" time="23.196"/>
  <testcase classname="prac03092023.TestCases.ProductSelectionPageTestCases" name="buyproductusingJsonFullFlowWithExcelverification" time="22.777"/>
  <testcase classname="prac03092023.TestCases.ProductSelectionPageTestCases" name="orderHistoryTest" time="4.64"/>
  <testcase classname="prac03092023.TestCases.ProductSelectionPageTestCases" name="orderHistoryTest" time="4.499"/>
  <testcase classname="prac03092023.TestCases.ProductSelectionPageTestCases" name="orderHistoryTest" time="4.516"/>
  <testcase classname="prac03092023.TestCases.LandingPageTestCase" name="Correctloginvalidation" time="0.0">
    <ignored/>
  </testcase> <!-- Correctloginvalidation -->
  <testcase classname="prac03092023.TestCases.ProductSelectionPageTestCases" name="buyproductusingdbFullFlow" time="0.0">
    <ignored/>
  </testcase> <!-- buyproductusingdbFullFlow -->
  <testcase classname="prac03092023.TestCases.LandingPageTestCase" name="inCorrectloginvalidation" time="0.0">
    <ignored/>
  </testcase> <!-- inCorrectloginvalidation -->
</testsuite> <!-- Test -->
