<?xml version="1.0" encoding="UTF-8"?>
<testsuite xmlns:xsi="http://www.w3.org/2001/XMLSchema-instance" xsi:noNamespaceSchemaLocation="https://maven.apache.org/surefire/maven-surefire-plugin/xsd/surefire-test-report-3.0.xsd" version="3.0" name="TestSuite" time="102.385" tests="9" errors="0" skipped="0" failures="0">
  <properties>
[...]
</properties>
  <testcase name="OrderHistoryPriceVerificationAllproducts[{country=India, password=Password1234, product=ZARA COAT 3, cvv=123, nameoncard=Vishal Singh, substring=ind, username=Udemyselenium@gmail.com}](1)" classname="prac03092023.TestCases.OrderHistoryPageTestCases" time="6.915">
    <system-out><![CDATA[adidas original   $ 31500
adidas original   $ 31500
zara coat 3   $ 31500
adidas original   $ 31500
zara coat 3   $ 31500
adidas original   $ 31500
adidas original   $ 31500
$$$$$$$$$$$$$$$
]]></system-out>
    <system-err><![CDATA[SLF4J: Failed to load class "org.slf4j.impl.StaticLoggerBinder".
SLF4J: Defaulting to no-operation (NOP) logger implementation
SLF4J: See http://www.slf4j.org/codes.html#StaticLoggerBinder for further details.
ERROR StatusLogger Log4j2 could not find a logging implementation. Please add log4j-core to the classpath. Using SimpleLogger to log to the console...
]]></system-err>
  </testcase>
  <testcase name="OrderHistoryPriceVerificationAllproducts[{country=American Samoa, password=Iamking@000, product=IPHONE 13 PRO, cvv=699, nameoncard=Honey Singh, substring=ame, username=rahulshetty@gmail.com}](2)" classname="prac03092023.TestCases.OrderHistoryPageTestCases" time="4.997">
    <system-out><![CDATA[adidas original   $ 31500
adidas original   $ 31500
zara coat 3   $ 31500
iphone 13 pro   $ 231500
adidas original   $ 31500
zara coat 3   $ 31500
iphone 13 pro   $ 231500
$$$$$$$$$$$$$$$
]]></system-out>
  </testcase>
  <testcase name="OrderHistoryPriceVerificationAllproducts[{country=India, password=Password1234, product=ADIDAS ORIGINAL, cvv=123, nameoncard=Vishal Singh, substring=ind, username=Udemyselenium@gmail.com}](3)" classname="prac03092023.TestCases.OrderHistoryPageTestCases" time="5.043">
    <system-out><![CDATA[adidas original   $ 31500
adidas original   $ 31500
zara coat 3   $ 31500
adidas original   $ 31500
zara coat 3   $ 31500
adidas original   $ 31500
adidas original   $ 31500
$$$$$$$$$$$$$$$
]]></system-out>
  </testcase>
  <testcase name="buyproductusingJsonFullFlowWithExcelverification[{country=India, password=Password1234, product=ZARA COAT 3, cvv=123, nameoncard=Vishal Singh, substring=ind, username=Udemyselenium@gmail.com}](1)" classname="prac03092023.TestCases.ProductSelectionPageTestCases" time="23.324">
    <system-out><![CDATA[Udemyselenium@gmail.com
[64f5693d7244490f95a5213f]
64f5693d7244490f95a5213f
64f5693d7244490f95a5213f
file existed
file deleted
]]></system-out>
  </testcase>
  <testcase name="buyproductusingJsonFullFlowWithExcelverification[{country=American Samoa, password=Iamking@000, product=IPHONE 13 PRO, cvv=699, nameoncard=Honey Singh, substring=ame, username=rahulshetty@gmail.com}](2)" classname="prac03092023.TestCases.ProductSelectionPageTestCases" time="23.287">
    <system-out><![CDATA[rahulshetty@gmail.com
[64f569557244490f95a5218c, 64f569557244490f95a5218f]
64f569557244490f95a5218f
64f569557244490f95a5218c
64f569557244490f95a5218c
64f569557244490f95a5218f
file existed
file deleted
]]></system-out>
  </testcase>
  <testcase name="buyproductusingJsonFullFlowWithExcelverification[{country=India, password=Password1234, product=ADIDAS ORIGINAL, cvv=123, nameoncard=Vishal Singh, substring=ind, username=Udemyselenium@gmail.com}](3)" classname="prac03092023.TestCases.ProductSelectionPageTestCases" time="22.86">
    <system-out><![CDATA[Udemyselenium@gmail.com
[64f5696c7244490f95a521b5, 64f5696c7244490f95a521b8]
64f5696c7244490f95a521b8
64f5696c7244490f95a521b5
64f5696c7244490f95a521b5
64f5696c7244490f95a521b8
file existed
file deleted
]]></system-out>
  </testcase>
  <testcase name="orderHistoryTest[{country=India, password=Password1234, product=ZARA COAT 3, cvv=123, nameoncard=Vishal Singh, substring=ind, username=Udemyselenium@gmail.com}](1)" classname="prac03092023.TestCases.ProductSelectionPageTestCases" time="4.739"/>
  <testcase name="orderHistoryTest[{country=American Samoa, password=Iamking@000, product=IPHONE 13 PRO, cvv=699, nameoncard=Honey Singh, substring=ame, username=rahulshetty@gmail.com}](2)" classname="prac03092023.TestCases.ProductSelectionPageTestCases" time="4.607"/>
  <testcase name="orderHistoryTest[{country=India, password=Password1234, product=ADIDAS ORIGINAL, cvv=123, nameoncard=Vishal Singh, substring=ind, username=Udemyselenium@gmail.com}](3)" classname="prac03092023.TestCases.ProductSelectionPageTestCases" time="4.613"/>
</testsuite>