<?xml version="1.0" encoding="UTF-8"?>
<testng-results ignored="0" total="3" passed="0" failed="3" skipped="0">
  <reporter-output>
  </reporter-output>
  <suite started-at="2023-09-04T12:01:37 IST" name="Default suite" finished-at="2023-09-04T12:01:54 IST" duration-ms="16509">
    <groups>
      <group name="JSONUsed">
        <method signature="OrderHistoryPageTestCases.OrderHistoryPriceVerificationAllproducts(java.util.HashMap)[pri:0, instance:prac03092023.TestCases.OrderHistoryPageTestCases@3a7442c7]" name="OrderHistoryPriceVerificationAllproducts" class="prac03092023.TestCases.OrderHistoryPageTestCases"/>
      </group> <!-- JSONUsed -->
    </groups>
    <test started-at="2023-09-04T12:01:37 IST" name="Default test" finished-at="2023-09-04T12:01:54 IST" duration-ms="16509">
      <class name="prac03092023.TestCases.OrderHistoryPageTestCases">
        <test-method signature="OrderHistoryPriceVerificationAllproducts(java.util.HashMap)[pri:0, instance:prac03092023.TestCases.OrderHistoryPageTestCases@3a7442c7]" started-at="2023-09-04T12:01:37 IST" name="OrderHistoryPriceVerificationAllproducts" data-provider="dataFromJson" finished-at="2023-09-04T12:01:44 IST" duration-ms="6426" status="FAIL">
          <params>
            <param index="0">
              <value>
                <![CDATA[{country=India, password=Password1234, product=ZARA COAT 3, cvv=123, nameoncard=Vishal Singh, substring=ind, username=Udemyselenium@gmail.com}]]>
              </value>
            </param>
          </params>
          <exception class="java.lang.NullPointerException">
            <message>
              <![CDATA[Cannot invoke "java.util.List.iterator()" because "this.producthistoryListEle" is null]]>
            </message>
            <full-stacktrace>
              <![CDATA[java.lang.NullPointerException: Cannot invoke "java.util.List.iterator()" because "this.producthistoryListEle" is null
at prac03092023.TestComponent.BaseClass.validatePriceOfAllOrders(BaseClass.java:138)
at prac03092023.TestCases.OrderHistoryPageTestCases.OrderHistoryPriceVerificationAllproducts(OrderHistoryPageTestCases.java:30)
at java.base/jdk.internal.reflect.NativeMethodAccessorImpl.invoke0(Native Method)
at java.base/jdk.internal.reflect.NativeMethodAccessorImpl.invoke(NativeMethodAccessorImpl.java:77)
at java.base/jdk.internal.reflect.DelegatingMethodAccessorImpl.invoke(DelegatingMethodAccessorImpl.java:43)
at java.base/java.lang.reflect.Method.invoke(Method.java:568)
at org.testng.internal.invokers.MethodInvocationHelper.invokeMethod(MethodInvocationHelper.java:139)
at org.testng.internal.invokers.TestInvoker.invokeMethod(TestInvoker.java:664)
at org.testng.internal.invokers.TestInvoker.invokeTestMethod(TestInvoker.java:227)
at org.testng.internal.invokers.MethodRunner.runInSequence(MethodRunner.java:50)
at org.testng.internal.invokers.TestInvoker$MethodInvocationAgent.invoke(TestInvoker.java:957)
at org.testng.internal.invokers.TestInvoker.invokeTestMethods(TestInvoker.java:200)
at org.testng.internal.invokers.TestMethodWorker.invokeTestMethods(TestMethodWorker.java:148)
at org.testng.internal.invokers.TestMethodWorker.run(TestMethodWorker.java:128)
at java.base/java.util.ArrayList.forEach(ArrayList.java:1511)
at org.testng.TestRunner.privateRun(TestRunner.java:848)
at org.testng.TestRunner.run(TestRunner.java:621)
at org.testng.SuiteRunner.runTest(SuiteRunner.java:443)
at org.testng.SuiteRunner.runSequentially(SuiteRunner.java:437)
at org.testng.SuiteRunner.privateRun(SuiteRunner.java:397)
at org.testng.SuiteRunner.run(SuiteRunner.java:336)
at org.testng.SuiteRunnerWorker.runSuite(SuiteRunnerWorker.java:52)
at org.testng.SuiteRunnerWorker.run(SuiteRunnerWorker.java:95)
at org.testng.TestNG.runSuitesSequentially(TestNG.java:1280)
at org.testng.TestNG.runSuitesLocally(TestNG.java:1200)
at org.testng.TestNG.runSuites(TestNG.java:1114)
at org.testng.TestNG.run(TestNG.java:1082)
at org.testng.remote.AbstractRemoteTestNG.run(AbstractRemoteTestNG.java:115)
at org.testng.remote.RemoteTestNG.initAndRun(RemoteTestNG.java:251)
at org.testng.remote.RemoteTestNG.main(RemoteTestNG.java:77)
]]>
            </full-stacktrace>
          </exception> <!-- java.lang.NullPointerException -->
          <reporter-output>
          </reporter-output>
        </test-method> <!-- OrderHistoryPriceVerificationAllproducts -->
        <test-method is-config="true" signature="afterMethod()[pri:0, instance:prac03092023.TestCases.OrderHistoryPageTestCases@3a7442c7]" started-at="2023-09-04T12:01:44 IST" name="afterMethod" finished-at="2023-09-04T12:01:44 IST" duration-ms="103" status="PASS">
          <reporter-output>
          </reporter-output>
        </test-method> <!-- afterMethod -->
        <test-method signature="OrderHistoryPriceVerificationAllproducts(java.util.HashMap)[pri:0, instance:prac03092023.TestCases.OrderHistoryPageTestCases@3a7442c7]" started-at="2023-09-04T12:01:44 IST" name="OrderHistoryPriceVerificationAllproducts" data-provider="dataFromJson" finished-at="2023-09-04T12:01:49 IST" duration-ms="4703" status="FAIL">
          <params>
            <param index="0">
              <value>
                <![CDATA[{country=American Samoa, password=Iamking@000, product=IPHONE 13 PRO, cvv=699, nameoncard=Honey Singh, substring=ame, username=rahulshetty@gmail.com}]]>
              </value>
            </param>
          </params>
          <exception class="java.lang.NullPointerException">
            <message>
              <![CDATA[Cannot invoke "java.util.List.iterator()" because "this.producthistoryListEle" is null]]>
            </message>
            <full-stacktrace>
              <![CDATA[java.lang.NullPointerException: Cannot invoke "java.util.List.iterator()" because "this.producthistoryListEle" is null
at prac03092023.TestComponent.BaseClass.validatePriceOfAllOrders(BaseClass.java:138)
at prac03092023.TestCases.OrderHistoryPageTestCases.OrderHistoryPriceVerificationAllproducts(OrderHistoryPageTestCases.java:30)
at java.base/jdk.internal.reflect.NativeMethodAccessorImpl.invoke0(Native Method)
at java.base/jdk.internal.reflect.NativeMethodAccessorImpl.invoke(NativeMethodAccessorImpl.java:77)
at java.base/jdk.internal.reflect.DelegatingMethodAccessorImpl.invoke(DelegatingMethodAccessorImpl.java:43)
at java.base/java.lang.reflect.Method.invoke(Method.java:568)
at org.testng.internal.invokers.MethodInvocationHelper.invokeMethod(MethodInvocationHelper.java:139)
at org.testng.internal.invokers.TestInvoker.invokeMethod(TestInvoker.java:664)
at org.testng.internal.invokers.TestInvoker.invokeTestMethod(TestInvoker.java:227)
at org.testng.internal.invokers.MethodRunner.runInSequence(MethodRunner.java:50)
at org.testng.internal.invokers.TestInvoker$MethodInvocationAgent.invoke(TestInvoker.java:957)
at org.testng.internal.invokers.TestInvoker.invokeTestMethods(TestInvoker.java:200)
at org.testng.internal.invokers.TestMethodWorker.invokeTestMethods(TestMethodWorker.java:148)
at org.testng.internal.invokers.TestMethodWorker.run(TestMethodWorker.java:128)
at java.base/java.util.ArrayList.forEach(ArrayList.java:1511)
at org.testng.TestRunner.privateRun(TestRunner.java:848)
at org.testng.TestRunner.run(TestRunner.java:621)
at org.testng.SuiteRunner.runTest(SuiteRunner.java:443)
at org.testng.SuiteRunner.runSequentially(SuiteRunner.java:437)
at org.testng.SuiteRunner.privateRun(SuiteRunner.java:397)
at org.testng.SuiteRunner.run(SuiteRunner.java:336)
at org.testng.SuiteRunnerWorker.runSuite(SuiteRunnerWorker.java:52)
at org.testng.SuiteRunnerWorker.run(SuiteRunnerWorker.java:95)
at org.testng.TestNG.runSuitesSequentially(TestNG.java:1280)
at org.testng.TestNG.runSuitesLocally(TestNG.java:1200)
at org.testng.TestNG.runSuites(TestNG.java:1114)
at org.testng.TestNG.run(TestNG.java:1082)
at org.testng.remote.AbstractRemoteTestNG.run(AbstractRemoteTestNG.java:115)
at org.testng.remote.RemoteTestNG.initAndRun(RemoteTestNG.java:251)
at org.testng.remote.RemoteTestNG.main(RemoteTestNG.java:77)
]]>
            </full-stacktrace>
          </exception> <!-- java.lang.NullPointerException -->
          <reporter-output>
          </reporter-output>
        </test-method> <!-- OrderHistoryPriceVerificationAllproducts -->
        <test-method is-config="true" signature="afterMethod()[pri:0, instance:prac03092023.TestCases.OrderHistoryPageTestCases@3a7442c7]" started-at="2023-09-04T12:01:49 IST" name="afterMethod" finished-at="2023-09-04T12:01:49 IST" duration-ms="303" status="PASS">
          <reporter-output>
          </reporter-output>
        </test-method> <!-- afterMethod -->
        <test-method signature="OrderHistoryPriceVerificationAllproducts(java.util.HashMap)[pri:0, instance:prac03092023.TestCases.OrderHistoryPageTestCases@3a7442c7]" started-at="2023-09-04T12:01:49 IST" name="OrderHistoryPriceVerificationAllproducts" data-provider="dataFromJson" finished-at="2023-09-04T12:01:54 IST" duration-ms="4594" status="FAIL">
          <params>
            <param index="0">
              <value>
                <![CDATA[{country=India, password=Password1234, product=ADIDAS ORIGINAL, cvv=123, nameoncard=Vishal Singh, substring=ind, username=Udemyselenium@gmail.com}]]>
              </value>
            </param>
          </params>
          <exception class="java.lang.NullPointerException">
            <message>
              <![CDATA[Cannot invoke "java.util.List.iterator()" because "this.producthistoryListEle" is null]]>
            </message>
            <full-stacktrace>
              <![CDATA[java.lang.NullPointerException: Cannot invoke "java.util.List.iterator()" because "this.producthistoryListEle" is null
at prac03092023.TestComponent.BaseClass.validatePriceOfAllOrders(BaseClass.java:138)
at prac03092023.TestCases.OrderHistoryPageTestCases.OrderHistoryPriceVerificationAllproducts(OrderHistoryPageTestCases.java:30)
at java.base/jdk.internal.reflect.NativeMethodAccessorImpl.invoke0(Native Method)
at java.base/jdk.internal.reflect.NativeMethodAccessorImpl.invoke(NativeMethodAccessorImpl.java:77)
at java.base/jdk.internal.reflect.DelegatingMethodAccessorImpl.invoke(DelegatingMethodAccessorImpl.java:43)
at java.base/java.lang.reflect.Method.invoke(Method.java:568)
at org.testng.internal.invokers.MethodInvocationHelper.invokeMethod(MethodInvocationHelper.java:139)
at org.testng.internal.invokers.TestInvoker.invokeMethod(TestInvoker.java:664)
at org.testng.internal.invokers.TestInvoker.invokeTestMethod(TestInvoker.java:227)
at org.testng.internal.invokers.MethodRunner.runInSequence(MethodRunner.java:50)
at org.testng.internal.invokers.TestInvoker$MethodInvocationAgent.invoke(TestInvoker.java:957)
at org.testng.internal.invokers.TestInvoker.invokeTestMethods(TestInvoker.java:200)
at org.testng.internal.invokers.TestMethodWorker.invokeTestMethods(TestMethodWorker.java:148)
at org.testng.internal.invokers.TestMethodWorker.run(TestMethodWorker.java:128)
at java.base/java.util.ArrayList.forEach(ArrayList.java:1511)
at org.testng.TestRunner.privateRun(TestRunner.java:848)
at org.testng.TestRunner.run(TestRunner.java:621)
at org.testng.SuiteRunner.runTest(SuiteRunner.java:443)
at org.testng.SuiteRunner.runSequentially(SuiteRunner.java:437)
at org.testng.SuiteRunner.privateRun(SuiteRunner.java:397)
at org.testng.SuiteRunner.run(SuiteRunner.java:336)
at org.testng.SuiteRunnerWorker.runSuite(SuiteRunnerWorker.java:52)
at org.testng.SuiteRunnerWorker.run(SuiteRunnerWorker.java:95)
at org.testng.TestNG.runSuitesSequentially(TestNG.java:1280)
at org.testng.TestNG.runSuitesLocally(TestNG.java:1200)
at org.testng.TestNG.runSuites(TestNG.java:1114)
at org.testng.TestNG.run(TestNG.java:1082)
at org.testng.remote.AbstractRemoteTestNG.run(AbstractRemoteTestNG.java:115)
at org.testng.remote.RemoteTestNG.initAndRun(RemoteTestNG.java:251)
at org.testng.remote.RemoteTestNG.main(RemoteTestNG.java:77)
]]>
            </full-stacktrace>
          </exception> <!-- java.lang.NullPointerException -->
          <reporter-output>
          </reporter-output>
        </test-method> <!-- OrderHistoryPriceVerificationAllproducts -->
        <test-method is-config="true" signature="afterMethod()[pri:0, instance:prac03092023.TestCases.OrderHistoryPageTestCases@3a7442c7]" started-at="2023-09-04T12:01:54 IST" name="afterMethod" finished-at="2023-09-04T12:01:54 IST" duration-ms="148" status="PASS">
          <reporter-output>
          </reporter-output>
        </test-method> <!-- afterMethod -->
      </class> <!-- prac03092023.TestCases.OrderHistoryPageTestCases -->
    </test> <!-- Default test -->
  </suite> <!-- Default suite -->
</testng-results>
